<?xml version="1.0" encoding="UTF-8"?>
<testng-results ignored="0" total="2" passed="2" failed="0" skipped="0">
  <reporter-output>
  </reporter-output>
  <suite started-at="2024-08-25T22:52:31 IST" name="Suite1" finished-at="2024-08-25T22:52:57 IST" duration-ms="25499">
    <groups>
    </groups>
    <test started-at="2024-08-25T22:52:31 IST" name="Nopackage" finished-at="2024-08-25T22:52:57 IST" duration-ms="25499">
      <class name="real_time_new.vmo">
        <test-method is-config="true" signature="setup()[pri:0, instance:real_time_new.vmo@294425a7]" started-at="2024-08-25T22:52:31 IST" name="setup" finished-at="2024-08-25T22:52:35 IST" duration-ms="3781" status="PASS">
          <reporter-output>
          </reporter-output>
        </test-method> <!-- setup -->
        <test-method signature="open_browser()[pri:0, instance:real_time_new.vmo@294425a7]" started-at="2024-08-25T22:52:35 IST" name="open_browser" finished-at="2024-08-25T22:52:49 IST" duration-ms="13411" status="PASS">
          <reporter-output>
          </reporter-output>
        </test-method> <!-- open_browser -->
        <test-method is-config="true" signature="setup()[pri:0, instance:real_time_new.vmo@294425a7]" started-at="2024-08-25T22:52:49 IST" name="setup" finished-at="2024-08-25T22:52:51 IST" duration-ms="2902" status="PASS">
          <reporter-output>
          </reporter-output>
        </test-method> <!-- setup -->
        <test-method signature="quit_browser()[pri:2, instance:real_time_new.vmo@294425a7]" started-at="2024-08-25T22:52:51 IST" name="quit_browser" finished-at="2024-08-25T22:52:57 IST" duration-ms="5258" status="PASS">
          <reporter-output>
          </reporter-output>
        </test-method> <!-- quit_browser -->
      </class> <!-- real_time_new.vmo -->
    </test> <!-- Nopackage -->
  </suite> <!-- Suite1 -->
</testng-results>
